{
  message: '🛢   Database is connected successfully',
  level: 'info',
  label: 'PH',
  timestamp: '2023-06-03T14:36:18.767Z'
}
{
  message: 'Application  listening on port 5000',
  level: 'info',
  label: 'PH',
  timestamp: '2023-06-03T14:36:18.792Z'
}
{
  message: '🛢   Database is connected successfully',
  level: 'info',
  label: 'PH',
  timestamp: '2023-06-03T14:36:53.664Z'
}
{
  message: 'Application  listening on port 5000',
  level: 'info',
  label: 'PH',
  timestamp: '2023-06-03T14:36:53.671Z'
}
{
  message: '🛢   Database is connected successfully',
  level: 'info',
  label: 'PH',
  timestamp: '2023-06-03T14:37:01.617Z'
}
{
  message: 'Application  listening on port 5000',
  level: 'info',
  label: 'PH',
  timestamp: '2023-06-03T14:37:01.622Z'
}
{
  message: '🛢   Database is connected successfully',
  level: 'info',
  label: 'PH',
  timestamp: '2023-06-03T14:37:06.356Z'
}
{
  message: 'Application  listening on port 5000',
  level: 'info',
  label: 'PH',
  timestamp: '2023-06-03T14:37:06.370Z'
}
{
  message: '🛢   Database is connected successfully',
  level: 'info',
  label: 'PH',
  timestamp: '2023-06-03T14:37:10.776Z'
}
{
  message: 'Application  listening on port 5000',
  level: 'info',
  label: 'PH',
  timestamp: '2023-06-03T14:37:10.785Z'
}
{
  message: '🛢   Database is connected successfully',
  level: 'info',
  label: 'PH',
  timestamp: '2023-06-03T14:37:24.909Z'
}
{
  message: 'Application  listening on port 5000',
  level: 'info',
  label: 'PH',
  timestamp: '2023-06-03T14:37:24.919Z'
}
{
  message: '🛢   Database is connected successfully',
  level: 'info',
  label: 'PH',
  timestamp: '2023-06-03T14:37:38.788Z'
}
{
  message: 'Application  listening on port 5000',
  level: 'info',
  label: 'PH',
  timestamp: '2023-06-03T14:37:38.794Z'
}
{
  message: '🛢   Database is connected successfully',
  level: 'info',
  label: 'PH',
  timestamp: '2023-06-03T14:37:43.365Z'
}
{
  message: 'Application  listening on port 5000',
  level: 'info',
  label: 'PH',
  timestamp: '2023-06-03T14:37:43.381Z'
}
{
  message: '🛢   Database is connected successfully',
  level: 'info',
  label: 'PH',
  timestamp: '2023-06-03T14:38:08.263Z'
}
{
  message: 'Application  listening on port 5000',
  level: 'info',
  label: 'PH',
  timestamp: '2023-06-03T14:38:08.273Z'
}
{
  message: '🛢   Database is connected successfully',
  level: 'info',
  label: 'PH',
  timestamp: '2023-06-03T14:39:04.824Z'
}
{
  message: 'Application  listening on port 5000',
  level: 'info',
  label: 'PH',
  timestamp: '2023-06-03T14:39:04.835Z'
}
{
  message: '🛢   Database is connected successfully',
  level: 'info',
  label: 'PH',
  timestamp: '2023-06-03T14:39:08.957Z'
}
{
  message: 'Application  listening on port 5000',
  level: 'info',
  label: 'PH',
  timestamp: '2023-06-03T14:39:08.968Z'
}
{
  message: '🛢   Database is connected successfully',
  level: 'info',
  label: 'PH',
  timestamp: '2023-06-03T14:39:16.278Z'
}
{
  message: 'Application  listening on port 5000',
  level: 'info',
  label: 'PH',
  timestamp: '2023-06-03T14:39:16.284Z'
}
{
  message: '🛢   Database is connected successfully',
  level: 'info',
  label: 'PH',
  timestamp: '2023-06-03T14:39:30.722Z'
}
{
  message: 'Application  listening on port 5000',
  level: 'info',
  label: 'PH',
  timestamp: '2023-06-03T14:39:30.735Z'
}
{
  message: '🛢   Database is connected successfully',
  level: 'info',
  label: 'PH',
  timestamp: '2023-06-03T14:39:40.924Z'
}
{
  message: 'Application  listening on port 5000',
  level: 'info',
  label: 'PH',
  timestamp: '2023-06-03T14:39:40.932Z'
}
{
  message: '🛢   Database is connected successfully',
  level: 'info',
  label: 'PH',
  timestamp: '2023-06-03T14:40:07.239Z'
}
{
  message: 'Application  listening on port 5000',
  level: 'info',
  label: 'PH',
  timestamp: '2023-06-03T14:40:07.251Z'
}
{
  message: '🛢   Database is connected successfully',
  level: 'info',
  label: 'PH',
  timestamp: '2023-06-03T14:40:46.726Z'
}
{
  message: 'Application  listening on port 5000',
  level: 'info',
  label: 'PH',
  timestamp: '2023-06-03T14:40:46.731Z'
}
{
  message: '🛢   Database is connected successfully',
  level: 'info',
  label: 'PH',
  timestamp: '2023-06-03T14:40:49.693Z'
}
{
  message: 'Application  listening on port 5000',
  level: 'info',
  label: 'PH',
  timestamp: '2023-06-03T14:40:49.698Z'
}
{
  message: '🛢   Database is connected successfully',
  level: 'info',
  label: 'PH',
  timestamp: '2023-06-03T14:41:10.974Z'
}
{
  message: 'Application  listening on port 5000',
  level: 'info',
  label: 'PH',
  timestamp: '2023-06-03T14:41:10.979Z'
}
{
  message: '🛢   Database is connected successfully',
  level: 'info',
  label: 'PH',
  timestamp: '2023-06-03T14:45:04.869Z'
}
{
  message: 'Application  listening on port 5000',
  level: 'info',
  label: 'PH',
  timestamp: '2023-06-03T14:45:04.874Z'
}
{
  message: '🛢   Database is connected successfully',
  level: 'info',
  label: 'PH',
  timestamp: '2023-06-03T14:45:11.313Z'
}
{
  message: 'Application  listening on port 5000',
  level: 'info',
  label: 'PH',
  timestamp: '2023-06-03T14:45:11.320Z'
}
{
  message: '🛢   Database is connected successfully',
  level: 'info',
  label: 'PH',
  timestamp: '2023-06-03T14:45:16.279Z'
}
{
  message: 'Application  listening on port 5000',
  level: 'info',
  label: 'PH',
  timestamp: '2023-06-03T14:45:16.286Z'
}
{
  message: '🛢   Database is connected successfully',
  level: 'info',
  label: 'PH',
  timestamp: '2023-06-03T14:45:49.159Z'
}
{
  message: 'Application  listening on port 5000',
  level: 'info',
  label: 'PH',
  timestamp: '2023-06-03T14:45:49.172Z'
}
{
  message: '🛢   Database is connected successfully',
  level: 'info',
  label: 'PH',
  timestamp: '2023-06-03T14:45:56.732Z'
}
{
  message: 'Application  listening on port 5000',
  level: 'info',
  label: 'PH',
  timestamp: '2023-06-03T14:45:56.738Z'
}
{
  message: '🛢   Database is connected successfully',
  level: 'info',
  label: 'PH',
  timestamp: '2023-06-03T14:46:01.720Z'
}
{
  message: 'Application  listening on port 5000',
  level: 'info',
  label: 'PH',
  timestamp: '2023-06-03T14:46:01.726Z'
}
