{
  errno: undefined,
  code: 'ECONNREFUSED',
  syscall: 'querySrv',
  hostname: '_mongodb._tcp.cluster0.1wb5a.mongodb.net',
  level: 'error',
  message: 'Failed to connect database querySrv ECONNREFUSED _mongodb._tcp.cluster0.1wb5a.mongodb.net',
  stack: 'Error: querySrv ECONNREFUSED _mongodb._tcp.cluster0.1wb5a.mongodb.net\n' +
    '    at QueryReqWrap.onresolve [as oncomplete] (node:internal/dns/promises:225:17)',
  label: 'PH',
  timestamp: '2023-06-05T15:15:51.288Z'
}
{
  errno: undefined,
  code: 'ETIMEOUT',
  syscall: 'querySrv',
  hostname: '_mongodb._tcp.cluster0.1wb5a.mongodb.net',
  level: 'error',
  message: 'Failed to connect database querySrv ETIMEOUT _mongodb._tcp.cluster0.1wb5a.mongodb.net',
  stack: 'Error: querySrv ETIMEOUT _mongodb._tcp.cluster0.1wb5a.mongodb.net\n' +
    '    at QueryReqWrap.onresolve [as oncomplete] (node:internal/dns/promises:225:17)',
  label: 'PH',
  timestamp: '2023-06-05T15:18:37.019Z'
}
