{
  errno: undefined,
  code: 'ECONNREFUSED',
  syscall: 'querySrv',
  hostname: '_mongodb._tcp.cluster0.1wb5a.mongodb.net',
  level: 'error',
  message: 'Failed to connect database querySrv ECONNREFUSED _mongodb._tcp.cluster0.1wb5a.mongodb.net',
  stack: 'Error: querySrv ECONNREFUSED _mongodb._tcp.cluster0.1wb5a.mongodb.net\n' +
    '    at QueryReqWrap.onresolve [as oncomplete] (node:internal/dns/promises:225:17)',
  label: 'PH',
  timestamp: '2023-06-03T13:43:26.046Z'
}
{
  errno: undefined,
  code: 'ECONNREFUSED',
  syscall: 'querySrv',
  hostname: '_mongodb._tcp.cluster0.1wb5a.mongodb.net',
  level: 'error',
  message: 'Failed to connect database querySrv ECONNREFUSED _mongodb._tcp.cluster0.1wb5a.mongodb.net',
  stack: 'Error: querySrv ECONNREFUSED _mongodb._tcp.cluster0.1wb5a.mongodb.net\n' +
    '    at QueryReqWrap.onresolve [as oncomplete] (node:internal/dns/promises:225:17)',
  label: 'PH',
  timestamp: '2023-06-03T13:43:31.639Z'
}
{
  errno: undefined,
  code: 'ECONNREFUSED',
  syscall: 'querySrv',
  hostname: '_mongodb._tcp.cluster0.1wb5a.mongodb.net',
  level: 'error',
  message: 'Failed to connect database querySrv ECONNREFUSED _mongodb._tcp.cluster0.1wb5a.mongodb.net',
  stack: 'Error: querySrv ECONNREFUSED _mongodb._tcp.cluster0.1wb5a.mongodb.net\n' +
    '    at QueryReqWrap.onresolve [as oncomplete] (node:internal/dns/promises:225:17)',
  label: 'PH',
  timestamp: '2023-06-03T13:43:39.213Z'
}
{
  errno: undefined,
  code: 'ECONNREFUSED',
  syscall: 'querySrv',
  hostname: '_mongodb._tcp.cluster0.1wb5a.mongodb.net',
  level: 'error',
  message: 'Failed to connect database querySrv ECONNREFUSED _mongodb._tcp.cluster0.1wb5a.mongodb.net',
  stack: 'Error: querySrv ECONNREFUSED _mongodb._tcp.cluster0.1wb5a.mongodb.net\n' +
    '    at QueryReqWrap.onresolve [as oncomplete] (node:internal/dns/promises:225:17)',
  label: 'PH',
  timestamp: '2023-06-03T13:43:43.080Z'
}
{
  errno: undefined,
  code: 'ECONNREFUSED',
  syscall: 'querySrv',
  hostname: '_mongodb._tcp.cluster0.1wb5a.mongodb.net',
  level: 'error',
  message: 'Failed to connect database querySrv ECONNREFUSED _mongodb._tcp.cluster0.1wb5a.mongodb.net',
  stack: 'Error: querySrv ECONNREFUSED _mongodb._tcp.cluster0.1wb5a.mongodb.net\n' +
    '    at QueryReqWrap.onresolve [as oncomplete] (node:internal/dns/promises:225:17)',
  label: 'PH',
  timestamp: '2023-06-03T13:43:46.726Z'
}
